<?xml version="1.0" encoding="UTF-8"?>
<testsuite name="BooleanTypeTest" tests="8" skipped="0" failures="0" errors="0" timestamp="2018-06-12T09:28:55" hostname="MacBook-Air-Evgenij.local" time="0.038">
  <properties/>
  <testcase name="boolImplies0()" classname="BooleanTypeTest" time="0.003"/>
  <testcase name="boolImplies1()" classname="BooleanTypeTest" time="0.001"/>
  <testcase name="boolImplies2()" classname="BooleanTypeTest" time="0.001"/>
  <testcase name="boolNot()" classname="BooleanTypeTest" time="0.001"/>
  <testcase name="boolAnd0()" classname="BooleanTypeTest" time="0.001"/>
  <testcase name="boolAnd1()" classname="BooleanTypeTest" time="0.0"/>
  <testcase name="boolAnd2()" classname="BooleanTypeTest" time="0.001"/>
  <testcase name="boolNot1()" classname="BooleanTypeTest" time="0.001"/>
  <system-out><![CDATA[Connection to the database has been established
]]></system-out>
  <system-err><![CDATA[]]></system-err>
</testsuite>
